[ 2017-11-26T11:22:37+08:00 ] ::1 /blog/index.php/Admin/Article/lst
INFO: [ app_init ] --START--
INFO: Run Behavior\BuildLiteBehavior [ RunTime:0.000098s ]
INFO: [ app_init ] --END-- [ RunTime:0.052548s ]
INFO: [ app_begin ] --START--
INFO: Run Behavior\ReadHtmlCacheBehavior [ RunTime:0.019671s ]
INFO: [ app_begin ] --END-- [ RunTime:0.019893s ]
SQL: SHOW COLUMNS FROM `blog_article` [ RunTime:0.1155s ]
SQL: SHOW COLUMNS FROM `blog_cate` [ RunTime:0.2155s ]
SQL: SELECT COUNT(*) AS tp_count FROM blog_article Article LEFT JOIN blog_cate Cate ON Article.cateid=cate.id LIMIT 1   [ RunTime:0.0543s ]
SQL: SELECT Article.id AS id,Article.title AS title,Article.pic AS pic,Cate.catename AS catename FROM blog_article Article LEFT JOIN blog_cate Cate ON Article.cateid=cate.id ORDER BY Article.id ASC LIMIT 0,3   [ RunTime:0.0012s ]
INFO: [ view_parse ] --START--
INFO: [ template_filter ] --START--
INFO: Run Behavior\ContentReplaceBehavior [ RunTime:0.000258s ]
INFO: [ template_filter ] --END-- [ RunTime:0.000538s ]
INFO: Run Behavior\ParseTemplateBehavior [ RunTime:0.500346s ]
INFO: [ view_parse ] --END-- [ RunTime:0.500545s ]
INFO: [ view_filter ] --START--
INFO: Run Behavior\WriteHtmlCacheBehavior [ RunTime:0.022807s ]
INFO: [ view_filter ] --END-- [ RunTime:0.022976s ]
INFO: [ app_end ] --START--
INFO: Run Behavior\ShowPageTraceBehavior [ RunTime:0.022201s ]
INFO: [ app_end ] --END-- [ RunTime:0.022360s ]

