[ 2018-01-24T18:42:06+08:00 ] ::1 /blog/index.php/admin
INFO: [ app_init ] --START--
INFO: Run Behavior\BuildLiteBehavior [ RunTime:0.000031s ]
INFO: [ app_init ] --END-- [ RunTime:0.000688s ]
INFO: [ app_begin ] --START--
INFO: Run Behavior\ReadHtmlCacheBehavior [ RunTime:0.001617s ]
INFO: [ app_begin ] --END-- [ RunTime:0.001732s ]
INFO: [ view_parse ] --START--
INFO: [ template_filter ] --START--
INFO: Run Behavior\ContentReplaceBehavior [ RunTime:0.000147s ]
INFO: [ template_filter ] --END-- [ RunTime:0.000306s ]
INFO: Run Behavior\ParseTemplateBehavior [ RunTime:0.074365s ]
INFO: [ view_parse ] --END-- [ RunTime:0.074527s ]
INFO: [ view_filter ] --START--
INFO: Run Behavior\WriteHtmlCacheBehavior [ RunTime:0.000859s ]
INFO: [ view_filter ] --END-- [ RunTime:0.000955s ]
INFO: [ app_end ] --START--
INFO: Run Behavior\ShowPageTraceBehavior [ RunTime:0.001724s ]
INFO: [ app_end ] --END-- [ RunTime:0.001874s ]

[ 2018-01-24T18:42:10+08:00 ] ::1 /blog/index.php/Admin/Article/lst
INFO: [ app_init ] --START--
INFO: Run Behavior\BuildLiteBehavior [ RunTime:0.000034s ]
INFO: [ app_init ] --END-- [ RunTime:0.000951s ]
INFO: [ app_begin ] --START--
INFO: Run Behavior\ReadHtmlCacheBehavior [ RunTime:0.001090s ]
INFO: [ app_begin ] --END-- [ RunTime:0.001190s ]
SQL: SHOW COLUMNS FROM `blog_article` [ RunTime:0.1325s ]
SQL: SHOW COLUMNS FROM `blog_cate` [ RunTime:0.1275s ]
SQL: SELECT COUNT(*) AS tp_count FROM blog_article Article LEFT JOIN blog_cate Cate ON Article.cateid=cate.id LIMIT 1   [ RunTime:0.0006s ]
SQL: SELECT Article.id AS id,Article.title AS title,Article.pic AS pic,Cate.catename AS catename FROM blog_article Article LEFT JOIN blog_cate Cate ON Article.cateid=cate.id ORDER BY Article.id ASC LIMIT 0,3   [ RunTime:0.0006s ]
INFO: [ view_parse ] --START--
INFO: [ template_filter ] --START--
INFO: Run Behavior\ContentReplaceBehavior [ RunTime:0.000139s ]
INFO: [ template_filter ] --END-- [ RunTime:0.000228s ]
INFO: Run Behavior\ParseTemplateBehavior [ RunTime:0.021180s ]
INFO: [ view_parse ] --END-- [ RunTime:0.021284s ]
INFO: [ view_filter ] --START--
INFO: Run Behavior\WriteHtmlCacheBehavior [ RunTime:0.000782s ]
INFO: [ view_filter ] --END-- [ RunTime:0.000867s ]
INFO: [ app_end ] --START--
INFO: Run Behavior\ShowPageTraceBehavior [ RunTime:0.001273s ]
INFO: [ app_end ] --END-- [ RunTime:0.001378s ]

[ 2018-01-24T18:42:11+08:00 ] ::1 /blog/index.php/Admin/Cate/lst
INFO: [ app_init ] --START--
INFO: Run Behavior\BuildLiteBehavior [ RunTime:0.000035s ]
INFO: [ app_init ] --END-- [ RunTime:0.000931s ]
INFO: [ app_begin ] --START--
INFO: Run Behavior\ReadHtmlCacheBehavior [ RunTime:0.001852s ]
INFO: [ app_begin ] --END-- [ RunTime:0.001980s ]
SQL: SHOW COLUMNS FROM `blog_cate` [ RunTime:0.0064s ]
SQL: SELECT * FROM `blog_cate` ORDER BY sort   [ RunTime:0.0006s ]
INFO: [ view_parse ] --START--
INFO: [ template_filter ] --START--
INFO: Run Behavior\ContentReplaceBehavior [ RunTime:0.000154s ]
INFO: [ template_filter ] --END-- [ RunTime:0.000257s ]
INFO: Run Behavior\ParseTemplateBehavior [ RunTime:0.025016s ]
INFO: [ view_parse ] --END-- [ RunTime:0.025128s ]
INFO: [ view_filter ] --START--
INFO: Run Behavior\WriteHtmlCacheBehavior [ RunTime:0.000843s ]
INFO: [ view_filter ] --END-- [ RunTime:0.000923s ]
INFO: [ app_end ] --START--
INFO: Run Behavior\ShowPageTraceBehavior [ RunTime:0.008825s ]
INFO: [ app_end ] --END-- [ RunTime:0.008936s ]

[ 2018-01-24T18:42:12+08:00 ] ::1 /blog/index.php/Admin/Link/lst
INFO: [ app_init ] --START--
INFO: Run Behavior\BuildLiteBehavior [ RunTime:0.000028s ]
INFO: [ app_init ] --END-- [ RunTime:0.000640s ]
INFO: [ app_begin ] --START--
INFO: Run Behavior\ReadHtmlCacheBehavior [ RunTime:0.001437s ]
INFO: [ app_begin ] --END-- [ RunTime:0.001574s ]
SQL: SHOW COLUMNS FROM `blog_link` [ RunTime:0.0655s ]
SQL: SELECT COUNT(*) AS tp_count FROM `blog_link` LIMIT 1   [ RunTime:0.0003s ]
SQL: SELECT * FROM `blog_link` ORDER BY sort  LIMIT 0,3   [ RunTime:0.0004s ]
INFO: [ view_parse ] --START--
INFO: [ template_filter ] --START--
INFO: Run Behavior\ContentReplaceBehavior [ RunTime:0.000152s ]
INFO: [ template_filter ] --END-- [ RunTime:0.000280s ]
INFO: Run Behavior\ParseTemplateBehavior [ RunTime:0.016190s ]
INFO: [ view_parse ] --END-- [ RunTime:0.016323s ]
INFO: [ view_filter ] --START--
INFO: Run Behavior\WriteHtmlCacheBehavior [ RunTime:0.000941s ]
INFO: [ view_filter ] --END-- [ RunTime:0.001038s ]
INFO: [ app_end ] --START--
INFO: Run Behavior\ShowPageTraceBehavior [ RunTime:0.001125s ]
INFO: [ app_end ] --END-- [ RunTime:0.001207s ]

[ 2018-01-24T18:42:13+08:00 ] ::1 /blog/index.php/Admin/Link/lst
INFO: [ app_init ] --START--
INFO: Run Behavior\BuildLiteBehavior [ RunTime:0.000025s ]
INFO: [ app_init ] --END-- [ RunTime:0.000634s ]
INFO: [ app_begin ] --START--
INFO: Run Behavior\ReadHtmlCacheBehavior [ RunTime:0.001201s ]
INFO: [ app_begin ] --END-- [ RunTime:0.001350s ]
SQL: SHOW COLUMNS FROM `blog_link` [ RunTime:0.0046s ]
SQL: SELECT COUNT(*) AS tp_count FROM `blog_link` LIMIT 1   [ RunTime:0.0002s ]
SQL: SELECT * FROM `blog_link` ORDER BY sort  LIMIT 0,3   [ RunTime:0.0005s ]
INFO: [ view_parse ] --START--
INFO: [ template_filter ] --START--
INFO: Run Behavior\ContentReplaceBehavior [ RunTime:0.000082s ]
INFO: [ template_filter ] --END-- [ RunTime:0.000137s ]
INFO: Run Behavior\ParseTemplateBehavior [ RunTime:0.012459s ]
INFO: [ view_parse ] --END-- [ RunTime:0.012587s ]
INFO: [ view_filter ] --START--
INFO: Run Behavior\WriteHtmlCacheBehavior [ RunTime:0.000761s ]
INFO: [ view_filter ] --END-- [ RunTime:0.000837s ]
INFO: [ app_end ] --START--
INFO: Run Behavior\ShowPageTraceBehavior [ RunTime:0.001485s ]
INFO: [ app_end ] --END-- [ RunTime:0.001560s ]

[ 2018-01-24T18:42:14+08:00 ] ::1 /blog/index.php/Admin/Link/lst
INFO: [ app_init ] --START--
INFO: Run Behavior\BuildLiteBehavior [ RunTime:0.000028s ]
INFO: [ app_init ] --END-- [ RunTime:0.000811s ]
INFO: [ app_begin ] --START--
INFO: Run Behavior\ReadHtmlCacheBehavior [ RunTime:0.001367s ]
INFO: [ app_begin ] --END-- [ RunTime:0.001477s ]
SQL: SHOW COLUMNS FROM `blog_link` [ RunTime:0.0041s ]
SQL: SELECT COUNT(*) AS tp_count FROM `blog_link` LIMIT 1   [ RunTime:0.0002s ]
SQL: SELECT * FROM `blog_link` ORDER BY sort  LIMIT 0,3   [ RunTime:0.0005s ]
INFO: [ view_parse ] --START--
INFO: [ template_filter ] --START--
INFO: Run Behavior\ContentReplaceBehavior [ RunTime:0.000084s ]
INFO: [ template_filter ] --END-- [ RunTime:0.000151s ]
INFO: Run Behavior\ParseTemplateBehavior [ RunTime:0.015235s ]
INFO: [ view_parse ] --END-- [ RunTime:0.015363s ]
INFO: [ view_filter ] --START--
INFO: Run Behavior\WriteHtmlCacheBehavior [ RunTime:0.000996s ]
INFO: [ view_filter ] --END-- [ RunTime:0.001071s ]
INFO: [ app_end ] --START--
INFO: Run Behavior\ShowPageTraceBehavior [ RunTime:0.005665s ]
INFO: [ app_end ] --END-- [ RunTime:0.005810s ]

[ 2018-01-24T18:42:20+08:00 ] ::1 /blog/index.php/Admin/Link/lst/p/2.html
INFO: [ app_init ] --START--
INFO: Run Behavior\BuildLiteBehavior [ RunTime:0.000031s ]
INFO: [ app_init ] --END-- [ RunTime:0.000597s ]
INFO: [ app_begin ] --START--
INFO: Run Behavior\ReadHtmlCacheBehavior [ RunTime:0.000952s ]
INFO: [ app_begin ] --END-- [ RunTime:0.001025s ]
SQL: SHOW COLUMNS FROM `blog_link` [ RunTime:0.0075s ]
SQL: SELECT COUNT(*) AS tp_count FROM `blog_link` LIMIT 1   [ RunTime:0.0004s ]
SQL: SELECT * FROM `blog_link` ORDER BY sort  LIMIT 3,3   [ RunTime:0.0006s ]
INFO: [ view_parse ] --START--
INFO: [ template_filter ] --START--
INFO: Run Behavior\ContentReplaceBehavior [ RunTime:0.000093s ]
INFO: [ template_filter ] --END-- [ RunTime:0.000158s ]
INFO: Run Behavior\ParseTemplateBehavior [ RunTime:0.014714s ]
INFO: [ view_parse ] --END-- [ RunTime:0.014801s ]
INFO: [ view_filter ] --START--
INFO: Run Behavior\WriteHtmlCacheBehavior [ RunTime:0.000628s ]
INFO: [ view_filter ] --END-- [ RunTime:0.000672s ]
INFO: [ app_end ] --START--
INFO: Run Behavior\ShowPageTraceBehavior [ RunTime:0.001504s ]
INFO: [ app_end ] --END-- [ RunTime:0.001587s ]

[ 2018-01-24T18:42:21+08:00 ] ::1 /blog/index.php/Admin/Cate/lst
INFO: [ app_init ] --START--
INFO: Run Behavior\BuildLiteBehavior [ RunTime:0.000019s ]
INFO: [ app_init ] --END-- [ RunTime:0.000760s ]
INFO: [ app_begin ] --START--
INFO: Run Behavior\ReadHtmlCacheBehavior [ RunTime:0.001606s ]
INFO: [ app_begin ] --END-- [ RunTime:0.001687s ]
SQL: SHOW COLUMNS FROM `blog_cate` [ RunTime:0.0053s ]
SQL: SELECT * FROM `blog_cate` ORDER BY sort   [ RunTime:0.0007s ]
INFO: [ view_parse ] --START--
INFO: [ template_filter ] --START--
INFO: Run Behavior\ContentReplaceBehavior [ RunTime:0.000161s ]
INFO: [ template_filter ] --END-- [ RunTime:0.000265s ]
INFO: Run Behavior\ParseTemplateBehavior [ RunTime:0.019062s ]
INFO: [ view_parse ] --END-- [ RunTime:0.019171s ]
INFO: [ view_filter ] --START--
INFO: Run Behavior\WriteHtmlCacheBehavior [ RunTime:0.000870s ]
INFO: [ view_filter ] --END-- [ RunTime:0.000942s ]
INFO: [ app_end ] --START--
INFO: Run Behavior\ShowPageTraceBehavior [ RunTime:0.001601s ]
INFO: [ app_end ] --END-- [ RunTime:0.001736s ]

[ 2018-01-24T18:42:22+08:00 ] ::1 /blog/index.php/Admin/Cate/lst
INFO: [ app_init ] --START--
INFO: Run Behavior\BuildLiteBehavior [ RunTime:0.000027s ]
INFO: [ app_init ] --END-- [ RunTime:0.000643s ]
INFO: [ app_begin ] --START--
INFO: Run Behavior\ReadHtmlCacheBehavior [ RunTime:0.001022s ]
INFO: [ app_begin ] --END-- [ RunTime:0.001180s ]
SQL: SHOW COLUMNS FROM `blog_cate` [ RunTime:0.0054s ]
SQL: SELECT * FROM `blog_cate` ORDER BY sort   [ RunTime:0.0005s ]
INFO: [ view_parse ] --START--
INFO: [ template_filter ] --START--
INFO: Run Behavior\ContentReplaceBehavior [ RunTime:0.000154s ]
INFO: [ template_filter ] --END-- [ RunTime:0.000252s ]
INFO: Run Behavior\ParseTemplateBehavior [ RunTime:0.012763s ]
INFO: [ view_parse ] --END-- [ RunTime:0.012876s ]
INFO: [ view_filter ] --START--
INFO: Run Behavior\WriteHtmlCacheBehavior [ RunTime:0.000827s ]
INFO: [ view_filter ] --END-- [ RunTime:0.000932s ]
INFO: [ app_end ] --START--
INFO: Run Behavior\ShowPageTraceBehavior [ RunTime:0.001559s ]
INFO: [ app_end ] --END-- [ RunTime:0.001716s ]

[ 2018-01-24T18:42:33+08:00 ] ::1 /blog/index.php/Admin/Admin/lst
INFO: [ app_init ] --START--
INFO: Run Behavior\BuildLiteBehavior [ RunTime:0.000034s ]
INFO: [ app_init ] --END-- [ RunTime:0.002759s ]
INFO: [ app_begin ] --START--
INFO: Run Behavior\ReadHtmlCacheBehavior [ RunTime:0.000596s ]
INFO: [ app_begin ] --END-- [ RunTime:0.000650s ]
SQL: SHOW COLUMNS FROM `blog_admin` [ RunTime:0.0331s ]
SQL: SELECT COUNT(*) AS tp_count FROM `blog_admin` LIMIT 1   [ RunTime:0.0002s ]
SQL: SELECT * FROM `blog_admin` ORDER BY id  LIMIT 0,2   [ RunTime:0.0008s ]
INFO: [ view_parse ] --START--
INFO: [ template_filter ] --START--
INFO: Run Behavior\ContentReplaceBehavior [ RunTime:0.000093s ]
INFO: [ template_filter ] --END-- [ RunTime:0.000148s ]
INFO: Run Behavior\ParseTemplateBehavior [ RunTime:0.014631s ]
INFO: [ view_parse ] --END-- [ RunTime:0.014784s ]
INFO: [ view_filter ] --START--
INFO: Run Behavior\WriteHtmlCacheBehavior [ RunTime:0.000726s ]
INFO: [ view_filter ] --END-- [ RunTime:0.000800s ]
INFO: [ app_end ] --START--
INFO: Run Behavior\ShowPageTraceBehavior [ RunTime:0.001153s ]
INFO: [ app_end ] --END-- [ RunTime:0.001248s ]

[ 2018-01-24T18:42:37+08:00 ] ::1 /blog/index.php/Admin/Admin/lst/p/2.html
INFO: [ app_init ] --START--
INFO: Run Behavior\BuildLiteBehavior [ RunTime:0.000019s ]
INFO: [ app_init ] --END-- [ RunTime:0.000559s ]
INFO: [ app_begin ] --START--
INFO: Run Behavior\ReadHtmlCacheBehavior [ RunTime:0.000845s ]
INFO: [ app_begin ] --END-- [ RunTime:0.000960s ]
SQL: SHOW COLUMNS FROM `blog_admin` [ RunTime:0.0050s ]
SQL: SELECT COUNT(*) AS tp_count FROM `blog_admin` LIMIT 1   [ RunTime:0.0002s ]
SQL: SELECT * FROM `blog_admin` ORDER BY id  LIMIT 2,2   [ RunTime:0.0003s ]
INFO: [ view_parse ] --START--
INFO: [ template_filter ] --START--
INFO: Run Behavior\ContentReplaceBehavior [ RunTime:0.000176s ]
INFO: [ template_filter ] --END-- [ RunTime:0.000293s ]
INFO: Run Behavior\ParseTemplateBehavior [ RunTime:0.020327s ]
INFO: [ view_parse ] --END-- [ RunTime:0.020629s ]
INFO: [ view_filter ] --START--
INFO: Run Behavior\WriteHtmlCacheBehavior [ RunTime:0.000672s ]
INFO: [ view_filter ] --END-- [ RunTime:0.000813s ]
INFO: [ app_end ] --START--
INFO: Run Behavior\ShowPageTraceBehavior [ RunTime:0.004703s ]
INFO: [ app_end ] --END-- [ RunTime:0.004815s ]

[ 2018-01-24T18:42:39+08:00 ] ::1 /blog/index.php/Admin/Admin/lst/p/system.html
INFO: [ app_init ] --START--
INFO: Run Behavior\BuildLiteBehavior [ RunTime:0.000016s ]
INFO: [ app_init ] --END-- [ RunTime:0.000372s ]
INFO: [ app_begin ] --START--
INFO: Run Behavior\ReadHtmlCacheBehavior [ RunTime:0.000573s ]
INFO: [ app_begin ] --END-- [ RunTime:0.000630s ]
SQL: SHOW COLUMNS FROM `blog_admin` [ RunTime:0.0055s ]
SQL: SELECT COUNT(*) AS tp_count FROM `blog_admin` LIMIT 1   [ RunTime:0.0004s ]
SQL: SELECT * FROM `blog_admin` ORDER BY id  LIMIT 0,2   [ RunTime:0.0007s ]
INFO: [ view_parse ] --START--
INFO: [ template_filter ] --START--
INFO: Run Behavior\ContentReplaceBehavior [ RunTime:0.000093s ]
INFO: [ template_filter ] --END-- [ RunTime:0.000166s ]
INFO: Run Behavior\ParseTemplateBehavior [ RunTime:0.015629s ]
INFO: [ view_parse ] --END-- [ RunTime:0.015752s ]
INFO: [ view_filter ] --START--
INFO: Run Behavior\WriteHtmlCacheBehavior [ RunTime:0.000702s ]
INFO: [ view_filter ] --END-- [ RunTime:0.000778s ]
INFO: [ app_end ] --START--
INFO: Run Behavior\ShowPageTraceBehavior [ RunTime:0.001166s ]
INFO: [ app_end ] --END-- [ RunTime:0.001280s ]

[ 2018-01-24T18:42:43+08:00 ] ::1 /blog/index.php/Admin/Admin/lst/p/system.html
INFO: [ app_init ] --START--
INFO: Run Behavior\BuildLiteBehavior [ RunTime:0.000016s ]
INFO: [ app_init ] --END-- [ RunTime:0.000405s ]
INFO: [ app_begin ] --START--
INFO: Run Behavior\ReadHtmlCacheBehavior [ RunTime:0.000597s ]
INFO: [ app_begin ] --END-- [ RunTime:0.000661s ]
SQL: SHOW COLUMNS FROM `blog_admin` [ RunTime:0.0045s ]
SQL: SELECT COUNT(*) AS tp_count FROM `blog_admin` LIMIT 1   [ RunTime:0.0002s ]
SQL: SELECT * FROM `blog_admin` ORDER BY id  LIMIT 0,2   [ RunTime:0.0003s ]
INFO: [ view_parse ] --START--
INFO: [ template_filter ] --START--
INFO: Run Behavior\ContentReplaceBehavior [ RunTime:0.000149s ]
INFO: [ template_filter ] --END-- [ RunTime:0.000242s ]
INFO: Run Behavior\ParseTemplateBehavior [ RunTime:0.015624s ]
INFO: [ view_parse ] --END-- [ RunTime:0.015756s ]
INFO: [ view_filter ] --START--
INFO: Run Behavior\WriteHtmlCacheBehavior [ RunTime:0.001064s ]
INFO: [ view_filter ] --END-- [ RunTime:0.001179s ]
INFO: [ app_end ] --START--
INFO: Run Behavior\ShowPageTraceBehavior [ RunTime:0.001742s ]
INFO: [ app_end ] --END-- [ RunTime:0.001880s ]

