[ 2017-11-05T16:27:20+08:00 ] ::1 /zheng/index.php/admin/Index/index
INFO: [ app_init ] --START--
INFO: Run Behavior\BuildLiteBehavior [ RunTime:0.000017s ]
INFO: [ app_init ] --END-- [ RunTime:0.024245s ]
INFO: [ app_begin ] --START--
INFO: Run Behavior\ReadHtmlCacheBehavior [ RunTime:0.001460s ]
INFO: [ app_begin ] --END-- [ RunTime:0.001543s ]
INFO: [ view_parse ] --START--
INFO: [ template_filter ] --START--
INFO: Run Behavior\ContentReplaceBehavior [ RunTime:0.000051s ]
INFO: [ template_filter ] --END-- [ RunTime:0.000098s ]
INFO: Run Behavior\ParseTemplateBehavior [ RunTime:0.048720s ]
INFO: [ view_parse ] --END-- [ RunTime:0.048779s ]
INFO: [ view_filter ] --START--
INFO: Run Behavior\WriteHtmlCacheBehavior [ RunTime:0.001112s ]
INFO: [ view_filter ] --END-- [ RunTime:0.001149s ]

[ 2017-11-05T16:27:23+08:00 ] ::1 /zheng/index.php/Admin/Login/index.html
INFO: [ app_init ] --START--
INFO: Run Behavior\BuildLiteBehavior [ RunTime:0.000032s ]
INFO: [ app_init ] --END-- [ RunTime:0.000953s ]
INFO: [ app_begin ] --START--
INFO: Run Behavior\ReadHtmlCacheBehavior [ RunTime:0.002076s ]
INFO: [ app_begin ] --END-- [ RunTime:0.002178s ]
NOTIC: [8] Use of undefined constant regex - assumed 'regex' D:\phpStudy\WWW\zheng\ThinkPHP\Common\functions.php 第 588 行.
SQL: SHOW COLUMNS FROM `zheng_admin` [ RunTime:0.0201s ]
INFO: [ view_parse ] --START--
INFO: [ template_filter ] --START--
INFO: Run Behavior\ContentReplaceBehavior [ RunTime:0.000159s ]
INFO: [ template_filter ] --END-- [ RunTime:0.000306s ]
INFO: Run Behavior\ParseTemplateBehavior [ RunTime:0.049963s ]
INFO: [ view_parse ] --END-- [ RunTime:0.050138s ]
INFO: [ view_filter ] --START--
INFO: Run Behavior\WriteHtmlCacheBehavior [ RunTime:0.003083s ]
INFO: [ view_filter ] --END-- [ RunTime:0.003215s ]
INFO: [ app_end ] --START--
INFO: Run Behavior\ShowPageTraceBehavior [ RunTime:0.029234s ]
INFO: [ app_end ] --END-- [ RunTime:0.029394s ]

[ 2017-11-05T16:27:24+08:00 ] ::1 /zheng/index.php/Admin/Login/verify
INFO: [ app_init ] --START--
INFO: Run Behavior\BuildLiteBehavior [ RunTime:0.000017s ]
INFO: [ app_init ] --END-- [ RunTime:0.000799s ]
INFO: [ app_begin ] --START--
INFO: Run Behavior\ReadHtmlCacheBehavior [ RunTime:0.001984s ]
INFO: [ app_begin ] --END-- [ RunTime:0.002053s ]
INFO: [ app_end ] --START--
INFO: Run Behavior\ShowPageTraceBehavior [ RunTime:0.003808s ]
INFO: [ app_end ] --END-- [ RunTime:0.004028s ]

[ 2017-11-05T16:27:34+08:00 ] ::1 /zheng/index.php/Admin/Login/index.html
INFO: [ app_init ] --START--
INFO: Run Behavior\BuildLiteBehavior [ RunTime:0.000013s ]
INFO: [ app_init ] --END-- [ RunTime:0.000495s ]
INFO: [ app_begin ] --START--
INFO: Run Behavior\ReadHtmlCacheBehavior [ RunTime:0.002056s ]
INFO: [ app_begin ] --END-- [ RunTime:0.002355s ]
NOTIC: [8] Use of undefined constant regex - assumed 'regex' D:\phpStudy\WWW\zheng\ThinkPHP\Common\functions.php 第 588 行.
SQL: SHOW COLUMNS FROM `zheng_admin` [ RunTime:0.0104s ]
NOTIC: [8] Undefined index: validate D:\phpStudy\WWW\zheng\ThinkPHP\Library\Think\Model.class.php 第 1185 行.
NOTIC: [8] Undefined index: auto D:\phpStudy\WWW\zheng\ThinkPHP\Library\Think\Model.class.php 第 1128 行.
SQL: SELECT * FROM `zheng_admin` WHERE ( username='2' ) LIMIT 1   [ RunTime:0.0006s ]
INFO: [ view_parse ] --START--
INFO: [ template_filter ] --START--
INFO: Run Behavior\ContentReplaceBehavior [ RunTime:0.000073s ]
INFO: [ template_filter ] --END-- [ RunTime:0.000153s ]
INFO: Run Behavior\ParseTemplateBehavior [ RunTime:0.013459s ]
INFO: [ view_parse ] --END-- [ RunTime:0.013574s ]
INFO: [ view_filter ] --START--
INFO: Run Behavior\WriteHtmlCacheBehavior [ RunTime:0.001409s ]
INFO: [ view_filter ] --END-- [ RunTime:0.001485s ]
INFO: [ app_end ] --START--
INFO: Run Behavior\ShowPageTraceBehavior [ RunTime:0.001694s ]
INFO: [ app_end ] --END-- [ RunTime:0.001765s ]

[ 2017-11-05T16:27:36+08:00 ] ::1 /zheng/index.php/Admin/Index/index.html
INFO: [ app_init ] --START--
INFO: Run Behavior\BuildLiteBehavior [ RunTime:0.000016s ]
INFO: [ app_init ] --END-- [ RunTime:0.000637s ]
INFO: [ app_begin ] --START--
INFO: Run Behavior\ReadHtmlCacheBehavior [ RunTime:0.001177s ]
INFO: [ app_begin ] --END-- [ RunTime:0.001234s ]
SQL: SHOW COLUMNS FROM `zheng_book` [ RunTime:0.0175s ]
SQL: SELECT COUNT(*) AS tp_count FROM `zheng_book` WHERE ( type=1 ) LIMIT 1   [ RunTime:0.0379s ]
SQL: SELECT * FROM `zheng_book` WHERE ( type=1 ) ORDER BY addtime desc LIMIT 0,3   [ RunTime:0.0010s ]
INFO: [ view_parse ] --START--
INFO: [ template_filter ] --START--
INFO: Run Behavior\ContentReplaceBehavior [ RunTime:0.000162s ]
INFO: [ template_filter ] --END-- [ RunTime:0.000252s ]
INFO: Run Behavior\ParseTemplateBehavior [ RunTime:0.055744s ]
INFO: [ view_parse ] --END-- [ RunTime:0.055884s ]
INFO: [ view_filter ] --START--
INFO: Run Behavior\WriteHtmlCacheBehavior [ RunTime:0.001571s ]
INFO: [ view_filter ] --END-- [ RunTime:0.001660s ]
INFO: [ app_end ] --START--
INFO: Run Behavior\ShowPageTraceBehavior [ RunTime:0.001769s ]
INFO: [ app_end ] --END-- [ RunTime:0.001856s ]

[ 2017-11-05T16:27:37+08:00 ] ::1 /zheng/index.php/Admin/Index/index.html
INFO: [ app_init ] --START--
INFO: Run Behavior\BuildLiteBehavior [ RunTime:0.000015s ]
INFO: [ app_init ] --END-- [ RunTime:0.000585s ]
INFO: [ app_begin ] --START--
INFO: Run Behavior\ReadHtmlCacheBehavior [ RunTime:0.001010s ]
INFO: [ app_begin ] --END-- [ RunTime:0.001076s ]
SQL: SHOW COLUMNS FROM `zheng_book` [ RunTime:0.0182s ]
SQL: SELECT COUNT(*) AS tp_count FROM `zheng_book` WHERE ( type=1 ) LIMIT 1   [ RunTime:0.0005s ]
SQL: SELECT * FROM `zheng_book` WHERE ( type=1 ) ORDER BY addtime desc LIMIT 0,3   [ RunTime:0.0006s ]
INFO: [ view_parse ] --START--
INFO: [ template_filter ] --START--
INFO: Run Behavior\ContentReplaceBehavior [ RunTime:0.000114s ]
INFO: [ template_filter ] --END-- [ RunTime:0.000180s ]
INFO: Run Behavior\ParseTemplateBehavior [ RunTime:0.020069s ]
INFO: [ view_parse ] --END-- [ RunTime:0.020150s ]
INFO: [ view_filter ] --START--
INFO: Run Behavior\WriteHtmlCacheBehavior [ RunTime:0.000945s ]
INFO: [ view_filter ] --END-- [ RunTime:0.000998s ]
INFO: [ app_end ] --START--
INFO: Run Behavior\ShowPageTraceBehavior [ RunTime:0.002430s ]
INFO: [ app_end ] --END-- [ RunTime:0.002507s ]

[ 2017-11-05T16:27:41+08:00 ] ::1 /zheng/index.php/Admin/Teacher/index
INFO: [ app_init ] --START--
INFO: Run Behavior\BuildLiteBehavior [ RunTime:0.000015s ]
INFO: [ app_init ] --END-- [ RunTime:0.000591s ]
INFO: [ app_begin ] --START--
INFO: Run Behavior\ReadHtmlCacheBehavior [ RunTime:0.001471s ]
INFO: [ app_begin ] --END-- [ RunTime:0.001567s ]
SQL: SHOW COLUMNS FROM `zheng_book` [ RunTime:0.0179s ]
SQL: SELECT COUNT(*) AS tp_count FROM `zheng_book` LIMIT 1   [ RunTime:0.0007s ]
SQL: SELECT * FROM `zheng_book` ORDER BY addtime desc LIMIT 0,3   [ RunTime:0.0010s ]
INFO: [ view_parse ] --START--
INFO: [ template_filter ] --START--
INFO: Run Behavior\ContentReplaceBehavior [ RunTime:0.000208s ]
INFO: [ template_filter ] --END-- [ RunTime:0.000317s ]
INFO: Run Behavior\ParseTemplateBehavior [ RunTime:0.029198s ]
INFO: [ view_parse ] --END-- [ RunTime:0.029361s ]
INFO: [ view_filter ] --START--
INFO: Run Behavior\WriteHtmlCacheBehavior [ RunTime:0.001371s ]
INFO: [ view_filter ] --END-- [ RunTime:0.001448s ]
INFO: [ app_end ] --START--
INFO: Run Behavior\ShowPageTraceBehavior [ RunTime:0.001639s ]
INFO: [ app_end ] --END-- [ RunTime:0.001729s ]

[ 2017-11-05T16:27:42+08:00 ] ::1 /zheng/index.php/Admin/Index/index
INFO: [ app_init ] --START--
INFO: Run Behavior\BuildLiteBehavior [ RunTime:0.000016s ]
INFO: [ app_init ] --END-- [ RunTime:0.000699s ]
INFO: [ app_begin ] --START--
INFO: Run Behavior\ReadHtmlCacheBehavior [ RunTime:0.001044s ]
INFO: [ app_begin ] --END-- [ RunTime:0.001109s ]
SQL: SHOW COLUMNS FROM `zheng_book` [ RunTime:0.0062s ]
SQL: SELECT COUNT(*) AS tp_count FROM `zheng_book` WHERE ( type=1 ) LIMIT 1   [ RunTime:0.0005s ]
SQL: SELECT * FROM `zheng_book` WHERE ( type=1 ) ORDER BY addtime desc LIMIT 0,3   [ RunTime:0.0005s ]
INFO: [ view_parse ] --START--
INFO: [ template_filter ] --START--
INFO: Run Behavior\ContentReplaceBehavior [ RunTime:0.000074s ]
INFO: [ template_filter ] --END-- [ RunTime:0.000118s ]
INFO: Run Behavior\ParseTemplateBehavior [ RunTime:0.010888s ]
INFO: [ view_parse ] --END-- [ RunTime:0.010955s ]
INFO: [ view_filter ] --START--
INFO: Run Behavior\WriteHtmlCacheBehavior [ RunTime:0.000871s ]
INFO: [ view_filter ] --END-- [ RunTime:0.000926s ]
INFO: [ app_end ] --START--
INFO: Run Behavior\ShowPageTraceBehavior [ RunTime:0.001805s ]
INFO: [ app_end ] --END-- [ RunTime:0.001892s ]

[ 2017-11-05T16:27:43+08:00 ] ::1 /zheng/index.php/Admin/Teacher/index
INFO: [ app_init ] --START--
INFO: Run Behavior\BuildLiteBehavior [ RunTime:0.000017s ]
INFO: [ app_init ] --END-- [ RunTime:0.000725s ]
INFO: [ app_begin ] --START--
INFO: Run Behavior\ReadHtmlCacheBehavior [ RunTime:0.001426s ]
INFO: [ app_begin ] --END-- [ RunTime:0.001501s ]
SQL: SHOW COLUMNS FROM `zheng_book` [ RunTime:0.0063s ]
SQL: SELECT COUNT(*) AS tp_count FROM `zheng_book` LIMIT 1   [ RunTime:0.0003s ]
SQL: SELECT * FROM `zheng_book` ORDER BY addtime desc LIMIT 0,3   [ RunTime:0.0005s ]
INFO: [ view_parse ] --START--
INFO: [ template_filter ] --START--
INFO: Run Behavior\ContentReplaceBehavior [ RunTime:0.000083s ]
INFO: [ template_filter ] --END-- [ RunTime:0.000145s ]
INFO: Run Behavior\ParseTemplateBehavior [ RunTime:0.012555s ]
INFO: [ view_parse ] --END-- [ RunTime:0.012622s ]
INFO: [ view_filter ] --START--
INFO: Run Behavior\WriteHtmlCacheBehavior [ RunTime:0.000637s ]
INFO: [ view_filter ] --END-- [ RunTime:0.000674s ]
INFO: [ app_end ] --START--
INFO: Run Behavior\ShowPageTraceBehavior [ RunTime:0.001625s ]
INFO: [ app_end ] --END-- [ RunTime:0.001700s ]

[ 2017-11-05T16:29:37+08:00 ] ::1 /zheng/index.php/Admin/Index/index
INFO: [ app_init ] --START--
INFO: Run Behavior\BuildLiteBehavior [ RunTime:0.000014s ]
INFO: [ app_init ] --END-- [ RunTime:0.000519s ]
INFO: [ app_begin ] --START--
INFO: Run Behavior\ReadHtmlCacheBehavior [ RunTime:0.000901s ]
INFO: [ app_begin ] --END-- [ RunTime:0.000947s ]
SQL: SHOW COLUMNS FROM `zheng_book` [ RunTime:0.0199s ]
SQL: SELECT COUNT(*) AS tp_count FROM `zheng_book` WHERE ( type=1 ) LIMIT 1   [ RunTime:0.0008s ]
SQL: SELECT * FROM `zheng_book` WHERE ( type=1 ) ORDER BY addtime desc LIMIT 0,3   [ RunTime:0.0013s ]
INFO: [ view_parse ] --START--
INFO: [ template_filter ] --START--
INFO: Run Behavior\ContentReplaceBehavior [ RunTime:0.000160s ]
INFO: [ template_filter ] --END-- [ RunTime:0.000253s ]
INFO: Run Behavior\ParseTemplateBehavior [ RunTime:0.032292s ]
INFO: [ view_parse ] --END-- [ RunTime:0.032456s ]
INFO: [ view_filter ] --START--
INFO: Run Behavior\WriteHtmlCacheBehavior [ RunTime:0.001846s ]
INFO: [ view_filter ] --END-- [ RunTime:0.001942s ]
INFO: [ app_end ] --START--
INFO: Run Behavior\ShowPageTraceBehavior [ RunTime:0.002247s ]
INFO: [ app_end ] --END-- [ RunTime:0.002349s ]

[ 2017-11-05T16:29:41+08:00 ] ::1 /zheng/index.php/Admin/Admin/index
INFO: [ app_init ] --START--
INFO: Run Behavior\BuildLiteBehavior [ RunTime:0.000013s ]
INFO: [ app_init ] --END-- [ RunTime:0.000554s ]
INFO: [ app_begin ] --START--
INFO: Run Behavior\ReadHtmlCacheBehavior [ RunTime:0.000907s ]
INFO: [ app_begin ] --END-- [ RunTime:0.000957s ]
NOTIC: [8] Use of undefined constant regex - assumed 'regex' D:\phpStudy\WWW\zheng\ThinkPHP\Common\functions.php 第 588 行.
SQL: SHOW COLUMNS FROM `zheng_admin` [ RunTime:0.0101s ]
SQL: SELECT COUNT(*) AS tp_count FROM `zheng_admin` LIMIT 1   [ RunTime:0.0005s ]
SQL: SELECT * FROM `zheng_admin` ORDER BY id LIMIT 0,3   [ RunTime:0.0007s ]
INFO: [ view_parse ] --START--
INFO: [ template_filter ] --START--
INFO: Run Behavior\ContentReplaceBehavior [ RunTime:0.000094s ]
INFO: [ template_filter ] --END-- [ RunTime:0.000153s ]
INFO: Run Behavior\ParseTemplateBehavior [ RunTime:0.066345s ]
INFO: [ view_parse ] --END-- [ RunTime:0.066529s ]
INFO: [ view_filter ] --START--
INFO: Run Behavior\WriteHtmlCacheBehavior [ RunTime:0.001879s ]
INFO: [ view_filter ] --END-- [ RunTime:0.002022s ]
INFO: [ app_end ] --START--
INFO: Run Behavior\ShowPageTraceBehavior [ RunTime:0.004547s ]
INFO: [ app_end ] --END-- [ RunTime:0.004718s ]

[ 2017-11-05T16:30:17+08:00 ] ::1 /zheng/index.php/Admin/Index/index
INFO: [ app_init ] --START--
INFO: Run Behavior\BuildLiteBehavior [ RunTime:0.000017s ]
INFO: [ app_init ] --END-- [ RunTime:0.000755s ]
INFO: [ app_begin ] --START--
INFO: Run Behavior\ReadHtmlCacheBehavior [ RunTime:0.001089s ]
INFO: [ app_begin ] --END-- [ RunTime:0.001182s ]
SQL: SHOW COLUMNS FROM `zheng_book` [ RunTime:0.0197s ]
SQL: SELECT COUNT(*) AS tp_count FROM `zheng_book` WHERE ( type=1 ) LIMIT 1   [ RunTime:0.0009s ]
SQL: SELECT * FROM `zheng_book` WHERE ( type=1 ) ORDER BY addtime desc LIMIT 0,3   [ RunTime:0.0011s ]
INFO: [ view_parse ] --START--
INFO: [ template_filter ] --START--
INFO: Run Behavior\ContentReplaceBehavior [ RunTime:0.000142s ]
INFO: [ template_filter ] --END-- [ RunTime:0.000220s ]
INFO: Run Behavior\ParseTemplateBehavior [ RunTime:0.024952s ]
INFO: [ view_parse ] --END-- [ RunTime:0.025106s ]
INFO: [ view_filter ] --START--
INFO: Run Behavior\WriteHtmlCacheBehavior [ RunTime:0.001565s ]
INFO: [ view_filter ] --END-- [ RunTime:0.001682s ]
INFO: [ app_end ] --START--
INFO: Run Behavior\ShowPageTraceBehavior [ RunTime:0.003480s ]
INFO: [ app_end ] --END-- [ RunTime:0.003631s ]

[ 2017-11-05T16:30:22+08:00 ] ::1 /zheng/index.php/Admin/Index/index
INFO: [ app_init ] --START--
INFO: Run Behavior\BuildLiteBehavior [ RunTime:0.000013s ]
INFO: [ app_init ] --END-- [ RunTime:0.000517s ]
INFO: [ app_begin ] --START--
INFO: Run Behavior\ReadHtmlCacheBehavior [ RunTime:0.000901s ]
INFO: [ app_begin ] --END-- [ RunTime:0.000950s ]
SQL: SHOW COLUMNS FROM `zheng_book` [ RunTime:0.0198s ]
SQL: SELECT * FROM `zheng_book` WHERE `name` LIKE '%1%' AND `type` = 1 ORDER BY addtime desc  [ RunTime:0.0011s ]
INFO: [ view_parse ] --START--
INFO: [ template_filter ] --START--
INFO: Run Behavior\ContentReplaceBehavior [ RunTime:0.000120s ]
INFO: [ template_filter ] --END-- [ RunTime:0.000189s ]
NOTIC: [8] Undefined variable: count D:\phpStudy\WWW\zheng\Application\Runtime\Cache\Admin\b595b808c2ebeeeb0478ffc30bb4e87a.php 第 125 行.
NOTIC: [8] Undefined variable: page D:\phpStudy\WWW\zheng\Application\Runtime\Cache\Admin\b595b808c2ebeeeb0478ffc30bb4e87a.php 第 125 行.
INFO: Run Behavior\ParseTemplateBehavior [ RunTime:0.021631s ]
INFO: [ view_parse ] --END-- [ RunTime:0.021736s ]
INFO: [ view_filter ] --START--
INFO: Run Behavior\WriteHtmlCacheBehavior [ RunTime:0.001076s ]
INFO: [ view_filter ] --END-- [ RunTime:0.001139s ]
SQL: SELECT COUNT(*) AS tp_count FROM `zheng_book` WHERE ( type=1 ) LIMIT 1   [ RunTime:0.0005s ]
SQL: SELECT * FROM `zheng_book` WHERE ( type=1 ) ORDER BY addtime desc LIMIT 0,3   [ RunTime:0.0006s ]
INFO: [ view_parse ] --START--
INFO: [ template_filter ] --START--
INFO: Run Behavior\ContentReplaceBehavior [ RunTime:0.000077s ]
INFO: [ template_filter ] --END-- [ RunTime:-0.016999s ]
INFO: Run Behavior\ParseTemplateBehavior [ RunTime:0.008381s ]
INFO: [ view_parse ] --END-- [ RunTime:-0.007329s ]
INFO: [ view_filter ] --START--
INFO: Run Behavior\WriteHtmlCacheBehavior [ RunTime:0.000012s ]
INFO: [ view_filter ] --END-- [ RunTime:-0.014630s ]
NOTIC: [2] Cannot modify header information - headers already sent by (output started at D:\phpStudy\WWW\zheng\ThinkPHP\Library\Think\View.class.php:95) D:\phpStudy\WWW\zheng\ThinkPHP\Library\Think\View.class.php 第 91 行.
NOTIC: [2] Cannot modify header information - headers already sent by (output started at D:\phpStudy\WWW\zheng\ThinkPHP\Library\Think\View.class.php:95) D:\phpStudy\WWW\zheng\ThinkPHP\Library\Think\View.class.php 第 92 行.
NOTIC: [2] Cannot modify header information - headers already sent by (output started at D:\phpStudy\WWW\zheng\ThinkPHP\Library\Think\View.class.php:95) D:\phpStudy\WWW\zheng\ThinkPHP\Library\Think\View.class.php 第 93 行.
INFO: [ app_end ] --START--
INFO: Run Behavior\ShowPageTraceBehavior [ RunTime:0.001375s ]
INFO: [ app_end ] --END-- [ RunTime:0.001455s ]

[ 2017-11-05T16:30:49+08:00 ] ::1 /zheng/index.php/Admin/Index/index
INFO: [ app_init ] --START--
INFO: Run Behavior\BuildLiteBehavior [ RunTime:0.000014s ]
INFO: [ app_init ] --END-- [ RunTime:0.000516s ]
INFO: [ app_begin ] --START--
INFO: Run Behavior\ReadHtmlCacheBehavior [ RunTime:0.000895s ]
INFO: [ app_begin ] --END-- [ RunTime:0.000941s ]
SQL: SHOW COLUMNS FROM `zheng_book` [ RunTime:0.0136s ]
SQL: SELECT COUNT(*) AS tp_count FROM `zheng_book` WHERE ( type=1 ) LIMIT 1   [ RunTime:0.0005s ]
SQL: SELECT * FROM `zheng_book` WHERE ( type=1 ) ORDER BY addtime desc LIMIT 0,3   [ RunTime:0.0006s ]
INFO: [ view_parse ] --START--
INFO: [ template_filter ] --START--
INFO: Run Behavior\ContentReplaceBehavior [ RunTime:0.000081s ]
INFO: [ template_filter ] --END-- [ RunTime:0.000128s ]
INFO: Run Behavior\ParseTemplateBehavior [ RunTime:0.026165s ]
INFO: [ view_parse ] --END-- [ RunTime:0.026254s ]
INFO: [ view_filter ] --START--
INFO: Run Behavior\WriteHtmlCacheBehavior [ RunTime:0.000947s ]
INFO: [ view_filter ] --END-- [ RunTime:0.001004s ]
INFO: [ app_end ] --START--
INFO: Run Behavior\ShowPageTraceBehavior [ RunTime:0.003452s ]
INFO: [ app_end ] --END-- [ RunTime:0.003566s ]

